Determining if the pthread_create exist failed with the following output:
Change Dir: /home/dpitzel/Projects/C++/EsWorld/build/CMakeFiles/CMakeTmp

Run Build Command:/usr/bin/make "cmTryCompileExec338753139/fast"
/usr/bin/make -f CMakeFiles/cmTryCompileExec338753139.dir/build.make CMakeFiles/cmTryCompileExec338753139.dir/build
make[1]: Entering directory `/home/dpitzel/Projects/C++/EsWorld/build/CMakeFiles/CMakeTmp'
/usr/bin/cmake -E cmake_progress_report /home/dpitzel/Projects/C++/EsWorld/build/CMakeFiles/CMakeTmp/CMakeFiles 1
Building C object CMakeFiles/cmTryCompileExec338753139.dir/CheckSymbolExists.c.o
/usr/bin/cc    -o CMakeFiles/cmTryCompileExec338753139.dir/CheckSymbolExists.c.o   -c /home/dpitzel/Projects/C++/EsWorld/build/CMakeFiles/CMakeTmp/CheckSymbolExists.c
Linking C executable cmTryCompileExec338753139
/usr/bin/cmake -E cmake_link_script CMakeFiles/cmTryCompileExec338753139.dir/link.txt --verbose=1
/usr/bin/cc       CMakeFiles/cmTryCompileExec338753139.dir/CheckSymbolExists.c.o  -o cmTryCompileExec338753139 -rdynamic 
CMakeFiles/cmTryCompileExec338753139.dir/CheckSymbolExists.c.o: In function `main':
CheckSymbolExists.c:(.text+0x16): undefined reference to `pthread_create'
collect2: error: ld returned 1 exit status
make[1]: *** [cmTryCompileExec338753139] Error 1
make[1]: Leaving directory `/home/dpitzel/Projects/C++/EsWorld/build/CMakeFiles/CMakeTmp'
make: *** [cmTryCompileExec338753139/fast] Error 2

File /home/dpitzel/Projects/C++/EsWorld/build/CMakeFiles/CMakeTmp/CheckSymbolExists.c:
/* */
#include <pthread.h>

int main(int argc, char** argv)
{
  (void)argv;
#ifndef pthread_create
  return ((int*)(&pthread_create))[argc];
#else
  (void)argc;
  return 0;
#endif
}

Determining if the function pthread_create exists in the pthreads failed with the following output:
Change Dir: /home/dpitzel/Projects/C++/EsWorld/build/CMakeFiles/CMakeTmp

Run Build Command:/usr/bin/make "cmTryCompileExec1249976751/fast"
/usr/bin/make -f CMakeFiles/cmTryCompileExec1249976751.dir/build.make CMakeFiles/cmTryCompileExec1249976751.dir/build
make[1]: Entering directory `/home/dpitzel/Projects/C++/EsWorld/build/CMakeFiles/CMakeTmp'
/usr/bin/cmake -E cmake_progress_report /home/dpitzel/Projects/C++/EsWorld/build/CMakeFiles/CMakeTmp/CMakeFiles 1
Building C object CMakeFiles/cmTryCompileExec1249976751.dir/CheckFunctionExists.c.o
/usr/bin/cc   -DCHECK_FUNCTION_EXISTS=pthread_create   -o CMakeFiles/cmTryCompileExec1249976751.dir/CheckFunctionExists.c.o   -c /usr/share/cmake-2.8/Modules/CheckFunctionExists.c
Linking C executable cmTryCompileExec1249976751
/usr/bin/cmake -E cmake_link_script CMakeFiles/cmTryCompileExec1249976751.dir/link.txt --verbose=1
/usr/bin/cc   -DCHECK_FUNCTION_EXISTS=pthread_create    CMakeFiles/cmTryCompileExec1249976751.dir/CheckFunctionExists.c.o  -o cmTryCompileExec1249976751 -rdynamic -lpthreads 
/usr/bin/ld: cannot find -lpthreads
collect2: error: ld returned 1 exit status
make[1]: *** [cmTryCompileExec1249976751] Error 1
make[1]: Leaving directory `/home/dpitzel/Projects/C++/EsWorld/build/CMakeFiles/CMakeTmp'
make: *** [cmTryCompileExec1249976751/fast] Error 2


